{"C:\\Microverse\\Webpack_Todo_List\\modules\\addToList.js": {"path":"C:\\Microverse\\Webpack_Todo_List\\modules\\addToList.js","statementMap":{"0":{"start":{"line":1,"column":18},"end":{"line":4,"column":1}},"1":{"start":{"line":2,"column":2},"end":{"line":2,"column":45}},"2":{"start":{"line":3,"column":2},"end":{"line":3,"column":18}}},"fnMap":{"0":{"name":"(anonymous_0)","decl":{"start":{"line":1,"column":18},"end":{"line":1,"column":19}},"loc":{"start":{"line":1,"column":57},"end":{"line":4,"column":1}},"line":1}},"branchMap":{},"s":{"0":1,"1":1,"2":1},"f":{"0":1},"b":{},"_coverageSchema":"1a1c01bbd47fc00a2c39e90264f33305004495a9","hash":"55528a8a25addaa3822a1d4d6689c8cee71c12ab"}
,"C:\\Microverse\\Webpack_Todo_List\\modules\\clearList.js": {"path":"C:\\Microverse\\Webpack_Todo_List\\modules\\clearList.js","statementMap":{"0":{"start":{"line":1,"column":18},"end":{"line":4,"column":1}},"1":{"start":{"line":2,"column":2},"end":{"line":2,"column":95}},"2":{"start":{"line":2,"column":36},"end":{"line":2,"column":56}},"3":{"start":{"line":2,"column":77},"end":{"line":2,"column":92}},"4":{"start":{"line":3,"column":2},"end":{"line":3,"column":18}}},"fnMap":{"0":{"name":"(anonymous_0)","decl":{"start":{"line":1,"column":18},"end":{"line":1,"column":19}},"loc":{"start":{"line":1,"column":32},"end":{"line":4,"column":1}},"line":1},"1":{"name":"(anonymous_1)","decl":{"start":{"line":2,"column":29},"end":{"line":2,"column":30}},"loc":{"start":{"line":2,"column":36},"end":{"line":2,"column":56}},"line":2},"2":{"name":"(anonymous_2)","decl":{"start":{"line":2,"column":62},"end":{"line":2,"column":63}},"loc":{"start":{"line":2,"column":77},"end":{"line":2,"column":92}},"line":2}},"branchMap":{},"s":{"0":1,"1":1,"2":2,"3":1,"4":1},"f":{"0":1,"1":2,"2":1},"b":{},"_coverageSchema":"1a1c01bbd47fc00a2c39e90264f33305004495a9","hash":"8292bb4e73e8579fe29afb4c6f1c32a016b3ec13"}
,"C:\\Microverse\\Webpack_Todo_List\\modules\\removeListitem.js": {"path":"C:\\Microverse\\Webpack_Todo_List\\modules\\removeListitem.js","statementMap":{"0":{"start":{"line":1,"column":23},"end":{"line":4,"column":1}},"1":{"start":{"line":2,"column":2},"end":{"line":2,"column":92}},"2":{"start":{"line":2,"column":36},"end":{"line":2,"column":53}},"3":{"start":{"line":2,"column":74},"end":{"line":2,"column":89}},"4":{"start":{"line":3,"column":2},"end":{"line":3,"column":18}}},"fnMap":{"0":{"name":"(anonymous_0)","decl":{"start":{"line":1,"column":23},"end":{"line":1,"column":24}},"loc":{"start":{"line":1,"column":44},"end":{"line":4,"column":1}},"line":1},"1":{"name":"(anonymous_1)","decl":{"start":{"line":2,"column":29},"end":{"line":2,"column":30}},"loc":{"start":{"line":2,"column":36},"end":{"line":2,"column":53}},"line":2},"2":{"name":"(anonymous_2)","decl":{"start":{"line":2,"column":59},"end":{"line":2,"column":60}},"loc":{"start":{"line":2,"column":74},"end":{"line":2,"column":89}},"line":2}},"branchMap":{},"s":{"0":1,"1":1,"2":2,"3":1,"4":1},"f":{"0":1,"1":2,"2":1},"b":{},"_coverageSchema":"1a1c01bbd47fc00a2c39e90264f33305004495a9","hash":"5d950cf8ecc84794450c727b0efe4cb17619c86d"}
}
