{"/home/majd/microverse/to-do/Webpack_Todo_List/modules/addToList.js": {"path":"/home/majd/microverse/to-do/Webpack_Todo_List/modules/addToList.js","statementMap":{"0":{"start":{"line":1,"column":18},"end":{"line":4,"column":1}},"1":{"start":{"line":2,"column":2},"end":{"line":2,"column":45}},"2":{"start":{"line":3,"column":2},"end":{"line":3,"column":18}}},"fnMap":{"0":{"name":"(anonymous_0)","decl":{"start":{"line":1,"column":18},"end":{"line":1,"column":19}},"loc":{"start":{"line":1,"column":57},"end":{"line":4,"column":1}},"line":1}},"branchMap":{},"s":{"0":1,"1":1,"2":1},"f":{"0":1},"b":{},"_coverageSchema":"1a1c01bbd47fc00a2c39e90264f33305004495a9","hash":"3d2e271be88715d9cae51c7132b2b980bb5d3080"}
,"/home/majd/microverse/to-do/Webpack_Todo_List/modules/clearList.js": {"path":"/home/majd/microverse/to-do/Webpack_Todo_List/modules/clearList.js","statementMap":{"0":{"start":{"line":4,"column":18},"end":{"line":15,"column":1}},"1":{"start":{"line":5,"column":15},"end":{"line":5,"column":17}},"2":{"start":{"line":6,"column":2},"end":{"line":10,"column":3}},"3":{"start":{"line":7,"column":4},"end":{"line":9,"column":5}},"4":{"start":{"line":8,"column":6},"end":{"line":8,"column":20}},"5":{"start":{"line":11,"column":2},"end":{"line":13,"column":3}},"6":{"start":{"line":11,"column":12},"end":{"line":11,"column":13}},"7":{"start":{"line":12,"column":4},"end":{"line":12,"column":24}},"8":{"start":{"line":14,"column":2},"end":{"line":14,"column":16}}},"fnMap":{"0":{"name":"(anonymous_0)","decl":{"start":{"line":4,"column":18},"end":{"line":4,"column":19}},"loc":{"start":{"line":4,"column":32},"end":{"line":15,"column":1}},"line":4}},"branchMap":{"0":{"loc":{"start":{"line":7,"column":4},"end":{"line":9,"column":5}},"type":"if","locations":[{"start":{"line":7,"column":4},"end":{"line":9,"column":5}},{"start":{},"end":{}}],"line":7}},"s":{"0":1,"1":1,"2":1,"3":2,"4":1,"5":1,"6":1,"7":1,"8":1},"f":{"0":1},"b":{"0":[1,1]},"_coverageSchema":"1a1c01bbd47fc00a2c39e90264f33305004495a9","hash":"ce098f4351c093772a3e1564db65f4ea52fc6c4c"}
,"/home/majd/microverse/to-do/Webpack_Todo_List/modules/displayLists.js": {"path":"/home/majd/microverse/to-do/Webpack_Todo_List/modules/displayLists.js","statementMap":{"0":{"start":{"line":6,"column":21},"end":{"line":82,"column":1}},"1":{"start":{"line":7,"column":13},"end":{"line":7,"column":15}},"2":{"start":{"line":8,"column":23},"end":{"line":8,"column":61}},"3":{"start":{"line":9,"column":2},"end":{"line":29,"column":5}},"4":{"start":{"line":10,"column":4},"end":{"line":28,"column":5}},"5":{"start":{"line":11,"column":6},"end":{"line":18,"column":35}},"6":{"start":{"line":20,"column":6},"end":{"line":27,"column":35}},"7":{"start":{"line":30,"column":2},"end":{"line":30,"column":30}},"8":{"start":{"line":31,"column":2},"end":{"line":31,"column":32}},"9":{"start":{"line":33,"column":25},"end":{"line":33,"column":64}},"10":{"start":{"line":34,"column":2},"end":{"line":58,"column":5}},"11":{"start":{"line":35,"column":4},"end":{"line":39,"column":7}},"12":{"start":{"line":36,"column":21},"end":{"line":36,"column":44}},"13":{"start":{"line":37,"column":6},"end":{"line":37,"column":49}},"14":{"start":{"line":38,"column":6},"end":{"line":38,"column":44}},"15":{"start":{"line":40,"column":4},"end":{"line":46,"column":7}},"16":{"start":{"line":41,"column":21},"end":{"line":41,"column":44}},"17":{"start":{"line":42,"column":6},"end":{"line":42,"column":52}},"18":{"start":{"line":43,"column":6},"end":{"line":43,"column":47}},"19":{"start":{"line":44,"column":23},"end":{"line":44,"column":74}},"20":{"start":{"line":45,"column":6},"end":{"line":45,"column":29}},"21":{"start":{"line":47,"column":4},"end":{"line":57,"column":7}},"22":{"start":{"line":48,"column":20},"end":{"line":48,"column":81}},"23":{"start":{"line":49,"column":24},"end":{"line":49,"column":36}},"24":{"start":{"line":51,"column":6},"end":{"line":56,"column":7}},"25":{"start":{"line":52,"column":22},"end":{"line":52,"column":53}},"26":{"start":{"line":53,"column":8},"end":{"line":53,"column":32}},"27":{"start":{"line":55,"column":8},"end":{"line":55,"column":41}},"28":{"start":{"line":60,"column":26},"end":{"line":60,"column":65}},"29":{"start":{"line":61,"column":2},"end":{"line":70,"column":5}},"30":{"start":{"line":62,"column":4},"end":{"line":69,"column":7}},"31":{"start":{"line":63,"column":23},"end":{"line":63,"column":49}},"32":{"start":{"line":64,"column":20},"end":{"line":64,"column":55}},"33":{"start":{"line":65,"column":20},"end":{"line":65,"column":51}},"34":{"start":{"line":66,"column":6},"end":{"line":66,"column":30}},"35":{"start":{"line":67,"column":23},"end":{"line":67,"column":74}},"36":{"start":{"line":68,"column":6},"end":{"line":68,"column":29}},"37":{"start":{"line":72,"column":21},"end":{"line":72,"column":59}},"38":{"start":{"line":73,"column":2},"end":{"line":81,"column":5}},"39":{"start":{"line":74,"column":4},"end":{"line":80,"column":7}},"40":{"start":{"line":75,"column":6},"end":{"line":79,"column":7}},"41":{"start":{"line":76,"column":8},"end":{"line":76,"column":38}},"42":{"start":{"line":78,"column":8},"end":{"line":78,"column":40}}},"fnMap":{"0":{"name":"(anonymous_0)","decl":{"start":{"line":6,"column":21},"end":{"line":6,"column":22}},"loc":{"start":{"line":6,"column":35},"end":{"line":82,"column":1}},"line":6},"1":{"name":"(anonymous_1)","decl":{"start":{"line":9,"column":34},"end":{"line":9,"column":35}},"loc":{"start":{"line":9,"column":44},"end":{"line":29,"column":3}},"line":9},"2":{"name":"(anonymous_2)","decl":{"start":{"line":34,"column":25},"end":{"line":34,"column":26}},"loc":{"start":{"line":34,"column":36},"end":{"line":58,"column":3}},"line":34},"3":{"name":"(anonymous_3)","decl":{"start":{"line":35,"column":36},"end":{"line":35,"column":37}},"loc":{"start":{"line":35,"column":47},"end":{"line":39,"column":5}},"line":35},"4":{"name":"(anonymous_4)","decl":{"start":{"line":40,"column":35},"end":{"line":40,"column":36}},"loc":{"start":{"line":40,"column":46},"end":{"line":46,"column":5}},"line":40},"5":{"name":"(anonymous_5)","decl":{"start":{"line":47,"column":36},"end":{"line":47,"column":37}},"loc":{"start":{"line":47,"column":47},"end":{"line":57,"column":5}},"line":47},"6":{"name":"(anonymous_6)","decl":{"start":{"line":61,"column":26},"end":{"line":61,"column":27}},"loc":{"start":{"line":61,"column":46},"end":{"line":70,"column":3}},"line":61},"7":{"name":"(anonymous_7)","decl":{"start":{"line":62,"column":45},"end":{"line":62,"column":46}},"loc":{"start":{"line":62,"column":56},"end":{"line":69,"column":5}},"line":62},"8":{"name":"(anonymous_8)","decl":{"start":{"line":73,"column":21},"end":{"line":73,"column":22}},"loc":{"start":{"line":73,"column":35},"end":{"line":81,"column":3}},"line":73},"9":{"name":"(anonymous_9)","decl":{"start":{"line":74,"column":40},"end":{"line":74,"column":41}},"loc":{"start":{"line":74,"column":51},"end":{"line":80,"column":5}},"line":74}},"branchMap":{"0":{"loc":{"start":{"line":10,"column":4},"end":{"line":28,"column":5}},"type":"if","locations":[{"start":{"line":10,"column":4},"end":{"line":28,"column":5}},{"start":{"line":19,"column":11},"end":{"line":28,"column":5}}],"line":10},"1":{"loc":{"start":{"line":44,"column":23},"end":{"line":44,"column":74}},"type":"binary-expr","locations":[{"start":{"line":44,"column":23},"end":{"line":44,"column":68}},{"start":{"line":44,"column":72},"end":{"line":44,"column":74}}],"line":44},"2":{"loc":{"start":{"line":51,"column":6},"end":{"line":56,"column":7}},"type":"if","locations":[{"start":{"line":51,"column":6},"end":{"line":56,"column":7}},{"start":{"line":54,"column":13},"end":{"line":56,"column":7}}],"line":51},"3":{"loc":{"start":{"line":67,"column":23},"end":{"line":67,"column":74}},"type":"binary-expr","locations":[{"start":{"line":67,"column":23},"end":{"line":67,"column":68}},{"start":{"line":67,"column":72},"end":{"line":67,"column":74}}],"line":67},"4":{"loc":{"start":{"line":75,"column":6},"end":{"line":79,"column":7}},"type":"if","locations":[{"start":{"line":75,"column":6},"end":{"line":79,"column":7}},{"start":{"line":77,"column":13},"end":{"line":79,"column":7}}],"line":75}},"s":{"0":1,"1":0,"2":0,"3":0,"4":0,"5":0,"6":0,"7":0,"8":0,"9":0,"10":0,"11":0,"12":0,"13":0,"14":0,"15":0,"16":0,"17":0,"18":0,"19":0,"20":0,"21":0,"22":0,"23":0,"24":0,"25":0,"26":0,"27":0,"28":0,"29":0,"30":0,"31":0,"32":0,"33":0,"34":0,"35":0,"36":0,"37":0,"38":0,"39":0,"40":0,"41":0,"42":0},"f":{"0":0,"1":0,"2":0,"3":0,"4":0,"5":0,"6":0,"7":0,"8":0,"9":0},"b":{"0":[0,0],"1":[0,0],"2":[0,0],"3":[0,0],"4":[0,0]},"_coverageSchema":"1a1c01bbd47fc00a2c39e90264f33305004495a9","hash":"9c0c2c7dbabd4066644e4b5f6a3b47b8bd35e47d"}
,"/home/majd/microverse/to-do/Webpack_Todo_List/modules/editList.js": {"path":"/home/majd/microverse/to-do/Webpack_Todo_List/modules/editList.js","statementMap":{"0":{"start":{"line":3,"column":17},"end":{"line":13,"column":1}},"1":{"start":{"line":4,"column":23},"end":{"line":10,"column":4}},"2":{"start":{"line":5,"column":4},"end":{"line":8,"column":5}},"3":{"start":{"line":6,"column":6},"end":{"line":6,"column":26}},"4":{"start":{"line":7,"column":6},"end":{"line":7,"column":18}},"5":{"start":{"line":9,"column":4},"end":{"line":9,"column":16}},"6":{"start":{"line":11,"column":2},"end":{"line":11,"column":26}},"7":{"start":{"line":12,"column":2},"end":{"line":12,"column":27}}},"fnMap":{"0":{"name":"(anonymous_0)","decl":{"start":{"line":3,"column":17},"end":{"line":3,"column":18}},"loc":{"start":{"line":3,"column":45},"end":{"line":13,"column":1}},"line":3},"1":{"name":"(anonymous_1)","decl":{"start":{"line":4,"column":39},"end":{"line":4,"column":40}},"loc":{"start":{"line":4,"column":50},"end":{"line":10,"column":3}},"line":4}},"branchMap":{"0":{"loc":{"start":{"line":5,"column":4},"end":{"line":8,"column":5}},"type":"if","locations":[{"start":{"line":5,"column":4},"end":{"line":8,"column":5}},{"start":{},"end":{}}],"line":5}},"s":{"0":1,"1":0,"2":0,"3":0,"4":0,"5":0,"6":0,"7":0},"f":{"0":0,"1":0},"b":{"0":[0,0]},"_coverageSchema":"1a1c01bbd47fc00a2c39e90264f33305004495a9","hash":"67147580a638041cf67ba87eb3f0b43e7250e8eb"}
,"/home/majd/microverse/to-do/Webpack_Todo_List/modules/markComplete.js": {"path":"/home/majd/microverse/to-do/Webpack_Todo_List/modules/markComplete.js","statementMap":{"0":{"start":{"line":3,"column":28},"end":{"line":12,"column":1}},"1":{"start":{"line":4,"column":19},"end":{"line":4,"column":31}},"2":{"start":{"line":6,"column":17},"end":{"line":6,"column":39}},"3":{"start":{"line":7,"column":2},"end":{"line":7,"column":64}},"4":{"start":{"line":8,"column":16},"end":{"line":8,"column":45}},"5":{"start":{"line":9,"column":2},"end":{"line":9,"column":36}},"6":{"start":{"line":10,"column":16},"end":{"line":10,"column":63}},"7":{"start":{"line":11,"column":2},"end":{"line":11,"column":38}},"8":{"start":{"line":14,"column":30},"end":{"line":22,"column":1}},"9":{"start":{"line":15,"column":19},"end":{"line":15,"column":31}},"10":{"start":{"line":16,"column":17},"end":{"line":16,"column":39}},"11":{"start":{"line":17,"column":2},"end":{"line":17,"column":67}},"12":{"start":{"line":18,"column":16},"end":{"line":18,"column":45}},"13":{"start":{"line":19,"column":2},"end":{"line":19,"column":36}},"14":{"start":{"line":20,"column":16},"end":{"line":20,"column":63}},"15":{"start":{"line":21,"column":2},"end":{"line":21,"column":39}}},"fnMap":{"0":{"name":"(anonymous_0)","decl":{"start":{"line":3,"column":28},"end":{"line":3,"column":29}},"loc":{"start":{"line":3,"column":49},"end":{"line":12,"column":1}},"line":3},"1":{"name":"(anonymous_1)","decl":{"start":{"line":14,"column":30},"end":{"line":14,"column":31}},"loc":{"start":{"line":14,"column":51},"end":{"line":22,"column":1}},"line":14}},"branchMap":{},"s":{"0":1,"1":0,"2":0,"3":0,"4":0,"5":0,"6":0,"7":0,"8":1,"9":0,"10":0,"11":0,"12":0,"13":0,"14":0,"15":0},"f":{"0":0,"1":0},"b":{},"_coverageSchema":"1a1c01bbd47fc00a2c39e90264f33305004495a9","hash":"847706ca66c2a11644ddbc32ab9726ac1a015d3a"}
,"/home/majd/microverse/to-do/Webpack_Todo_List/modules/removeListitem.js": {"path":"/home/majd/microverse/to-do/Webpack_Todo_List/modules/removeListitem.js","statementMap":{"0":{"start":{"line":1,"column":23},"end":{"line":12,"column":1}},"1":{"start":{"line":2,"column":15},"end":{"line":2,"column":17}},"2":{"start":{"line":3,"column":2},"end":{"line":7,"column":3}},"3":{"start":{"line":4,"column":4},"end":{"line":6,"column":5}},"4":{"start":{"line":5,"column":6},"end":{"line":5,"column":20}},"5":{"start":{"line":8,"column":2},"end":{"line":10,"column":3}},"6":{"start":{"line":8,"column":12},"end":{"line":8,"column":13}},"7":{"start":{"line":9,"column":4},"end":{"line":9,"column":24}},"8":{"start":{"line":11,"column":2},"end":{"line":11,"column":16}}},"fnMap":{"0":{"name":"(anonymous_0)","decl":{"start":{"line":1,"column":23},"end":{"line":1,"column":24}},"loc":{"start":{"line":1,"column":44},"end":{"line":12,"column":1}},"line":1}},"branchMap":{"0":{"loc":{"start":{"line":4,"column":4},"end":{"line":6,"column":5}},"type":"if","locations":[{"start":{"line":4,"column":4},"end":{"line":6,"column":5}},{"start":{},"end":{}}],"line":4}},"s":{"0":2,"1":1,"2":1,"3":2,"4":1,"5":1,"6":1,"7":1,"8":1},"f":{"0":1},"b":{"0":[1,1]},"_coverageSchema":"1a1c01bbd47fc00a2c39e90264f33305004495a9","hash":"a60e313cb7ad903e0c31b9d66aa5eeb9d4bab8a9"}
,"/home/majd/microverse/to-do/Webpack_Todo_List/modules/updateBookData.js": {"path":"/home/majd/microverse/to-do/Webpack_Todo_List/modules/updateBookData.js","statementMap":{"0":{"start":{"line":1,"column":23},"end":{"line":11,"column":1}},"1":{"start":{"line":2,"column":2},"end":{"line":2,"column":68}},"2":{"start":{"line":3,"column":20},"end":{"line":3,"column":65}},"3":{"start":{"line":5,"column":23},"end":{"line":5,"column":57}},"4":{"start":{"line":6,"column":2},"end":{"line":8,"column":3}},"5":{"start":{"line":7,"column":4},"end":{"line":7,"column":28}},"6":{"start":{"line":10,"column":2},"end":{"line":10,"column":19}}},"fnMap":{"0":{"name":"(anonymous_0)","decl":{"start":{"line":1,"column":23},"end":{"line":1,"column":24}},"loc":{"start":{"line":1,"column":43},"end":{"line":11,"column":1}},"line":1}},"branchMap":{"0":{"loc":{"start":{"line":6,"column":2},"end":{"line":8,"column":3}},"type":"if","locations":[{"start":{"line":6,"column":2},"end":{"line":8,"column":3}},{"start":{},"end":{}}],"line":6}},"s":{"0":1,"1":0,"2":0,"3":0,"4":0,"5":0,"6":0},"f":{"0":0},"b":{"0":[0,0]},"_coverageSchema":"1a1c01bbd47fc00a2c39e90264f33305004495a9","hash":"58b8460ba56501445ebec5895f894b4e0026d1c8"}
,"/home/majd/microverse/to-do/Webpack_Todo_List/modules/updateStatus.js": {"path":"/home/majd/microverse/to-do/Webpack_Todo_List/modules/updateStatus.js","statementMap":{"0":{"start":{"line":3,"column":21},"end":{"line":13,"column":1}},"1":{"start":{"line":4,"column":23},"end":{"line":10,"column":4}},"2":{"start":{"line":5,"column":4},"end":{"line":8,"column":5}},"3":{"start":{"line":6,"column":6},"end":{"line":6,"column":31}},"4":{"start":{"line":7,"column":6},"end":{"line":7,"column":18}},"5":{"start":{"line":9,"column":4},"end":{"line":9,"column":16}},"6":{"start":{"line":11,"column":2},"end":{"line":11,"column":26}},"7":{"start":{"line":12,"column":2},"end":{"line":12,"column":27}}},"fnMap":{"0":{"name":"(anonymous_0)","decl":{"start":{"line":3,"column":21},"end":{"line":3,"column":22}},"loc":{"start":{"line":3,"column":50},"end":{"line":13,"column":1}},"line":3},"1":{"name":"(anonymous_1)","decl":{"start":{"line":4,"column":39},"end":{"line":4,"column":40}},"loc":{"start":{"line":4,"column":50},"end":{"line":10,"column":3}},"line":4}},"branchMap":{"0":{"loc":{"start":{"line":5,"column":4},"end":{"line":8,"column":5}},"type":"if","locations":[{"start":{"line":5,"column":4},"end":{"line":8,"column":5}},{"start":{},"end":{}}],"line":5}},"s":{"0":1,"1":0,"2":0,"3":0,"4":0,"5":0,"6":0,"7":0},"f":{"0":0,"1":0},"b":{"0":[0,0]},"_coverageSchema":"1a1c01bbd47fc00a2c39e90264f33305004495a9","hash":"b423450bc20b3fb61abb2c1d79f6470b6784aa23"}
}
